<?xml version="1.0" encoding="UTF-8"?>
<!-- Generated by org.testng.reporters.JUnitReportReporter -->
<testsuite skipped="0" hostname="GH-B8H6FH2" name="Org.Maven.com.MavenProject.TestY" tests="1" failures="0" timestamp="09 Jun 2018 04:53:15 GMT" time="24.784" errors="0">
  <testcase name="f" time="24.784" classname="Org.Maven.com.MavenProject.TestY"/>
</testsuite> <!-- Org.Maven.com.MavenProject.TestY -->
